<?xml version="1.0" encoding="UTF-8"?>
<!-- Generated by org.testng.reporters.JUnitReportReporter -->
<testsuite hostname="Lenovo" failures="0" tests="1" name="snl_service.SnlTest_v3new" time="2.818" errors="0" timestamp="22 Aug 2018 10:19:51 GMT" skipped="0">
  <testcase classname="snl_service.SnlTest_v3new" name="getTokenOAuth2" time="2.818"/>
</testsuite> <!-- snl_service.SnlTest_v3new -->
