<?xml version="1.0" encoding="UTF-8"?>
<!-- Generated by org.testng.reporters.JUnitReportReporter -->
<testsuite hostname="Lenovo" failures="0" tests="3" name="snl_service.SnlTest_v1_Cucumber" time="36.305" errors="0" timestamp="23 Aug 2018 11:27:00 GMT" skipped="0">
  <testcase classname="snl_service.SnlTest_v1_Cucumber" name="feature" time="15.748"/>
  <testcase classname="snl_service.SnlTest_v1_Cucumber" name="createBoard" time="2.748"/>
  <testcase classname="snl_service.SnlTest_v1_Cucumber" name="addUpdatePalyer" time="17.809"/>
</testsuite> <!-- snl_service.SnlTest_v1_Cucumber -->
