<?xml version="1.0" encoding="UTF-8"?>
<!-- Generated by org.testng.reporters.JUnitReportReporter -->
<testsuite hostname="Lenovo" failures="0" tests="10" name="snl_service.RestAssuredSnl.SnlTest_v2" time="7.040" errors="0" timestamp="18 Aug 2018 20:14:06 GMT" skipped="0">
  <testcase classname="snl_service.RestAssuredSnl.SnlTest_v2" name="getListOfBoard" time="2.639"/>
  <testcase classname="snl_service.RestAssuredSnl.SnlTest_v2" name="getNewBoard" time="0.875"/>
  <testcase classname="snl_service.RestAssuredSnl.SnlTest_v2" name="geBoardDetail" time="0.187"/>
  <testcase classname="snl_service.RestAssuredSnl.SnlTest_v2" name="createNewPlayer" time="1.786"/>
  <testcase classname="snl_service.RestAssuredSnl.SnlTest_v2" name="updatePlayer" time="0.203"/>
  <testcase classname="snl_service.RestAssuredSnl.SnlTest_v2" name="updateExistingPlayer" time="0.156"/>
  <testcase classname="snl_service.RestAssuredSnl.SnlTest_v2" name="moveOnBoard" time="0.266"/>
  <testcase classname="snl_service.RestAssuredSnl.SnlTest_v2" name="deletePlayer" time="0.203"/>
  <testcase classname="snl_service.RestAssuredSnl.SnlTest_v2" name="resetBoard" time="0.225"/>
  <testcase classname="snl_service.RestAssuredSnl.SnlTest_v2" name="deleteBoard" time="0.500"/>
</testsuite> <!-- snl_service.RestAssuredSnl.SnlTest_v2 -->
