<?xml version="1.0" encoding="UTF-8"?>
<!-- Generated by org.testng.reporters.JUnitReportReporter -->
<testsuite hostname="Lenovo" failures="0" tests="10" name="snl_service.SnlTest_v2" time="6.150" errors="0" timestamp="22 Aug 2018 08:53:22 GMT" skipped="0">
  <testcase classname="snl_service.SnlTest_v2" name="getListOfBoard" time="0.906"/>
  <testcase classname="snl_service.SnlTest_v2" name="getNewBoard" time="0.655"/>
  <testcase classname="snl_service.SnlTest_v2" name="geBoardDetail" time="0.255"/>
  <testcase classname="snl_service.SnlTest_v2" name="createNewPlayer" time="1.204"/>
  <testcase classname="snl_service.SnlTest_v2" name="updatePlayer" time="0.442"/>
  <testcase classname="snl_service.SnlTest_v2" name="updateExistingPlayerWithSameName" time="0.242"/>
  <testcase classname="snl_service.SnlTest_v2" name="moveOnBoard" time="1.396"/>
  <testcase classname="snl_service.SnlTest_v2" name="deletePlayer" time="0.257"/>
  <testcase classname="snl_service.SnlTest_v2" name="resetBoard" time="0.268"/>
  <testcase classname="snl_service.SnlTest_v2" name="deleteBoard" time="0.525"/>
</testsuite> <!-- snl_service.SnlTest_v2 -->
