<?xml version="1.0" encoding="UTF-8"?>
<!-- Generated by org.testng.reporters.JUnitReportReporter -->
<testsuite hostname="Lenovo" failures="0" tests="10" name="snl_service.RestAssuredSnl.SnlTest_v1" time="7.103" errors="0" timestamp="21 Aug 2018 19:41:29 GMT" skipped="0">
  <testcase classname="snl_service.RestAssuredSnl.SnlTest_v1" name="getListOfBoard" time="1.999"/>
  <testcase classname="snl_service.RestAssuredSnl.SnlTest_v1" name="getNewBoard" time="1.258"/>
  <testcase classname="snl_service.RestAssuredSnl.SnlTest_v1" name="geBoardDetail" time="0.152"/>
  <testcase classname="snl_service.RestAssuredSnl.SnlTest_v1" name="createNewPlayer" time="1.738"/>
  <testcase classname="snl_service.RestAssuredSnl.SnlTest_v1" name="updatePlayer" time="0.206"/>
  <testcase classname="snl_service.RestAssuredSnl.SnlTest_v1" name="updateExistingPlayerWithSameName" time="0.180"/>
  <testcase classname="snl_service.RestAssuredSnl.SnlTest_v1" name="moveOnBoard" time="0.265"/>
  <testcase classname="snl_service.RestAssuredSnl.SnlTest_v1" name="deletePlayer" time="0.272"/>
  <testcase classname="snl_service.RestAssuredSnl.SnlTest_v1" name="resetBoard" time="0.703"/>
  <testcase classname="snl_service.RestAssuredSnl.SnlTest_v1" name="deleteBoard" time="0.330"/>
</testsuite> <!-- snl_service.RestAssuredSnl.SnlTest_v1 -->
