<?xml version="1.0" encoding="UTF-8"?>
<!-- Generated by org.testng.reporters.JUnitReportReporter -->
<testsuite hostname="Lenovo" failures="0" tests="3" name="snl_service.RestAssuredSnl.SnlTest_v1_Cucumber" time="11.929" errors="0" timestamp="21 Aug 2018 19:51:55 GMT" skipped="0">
  <testcase classname="snl_service.RestAssuredSnl.SnlTest_v1_Cucumber" name="feature" time="4.818"/>
  <testcase classname="snl_service.RestAssuredSnl.SnlTest_v1_Cucumber" name="createBoard" time="5.080"/>
  <testcase classname="snl_service.RestAssuredSnl.SnlTest_v1_Cucumber" name="addUpdatePalyer" time="2.031"/>
</testsuite> <!-- snl_service.RestAssuredSnl.SnlTest_v1_Cucumber -->
